#
# There is insufficient memory for the Java Runtime Environment to continue.
# Native memory allocation (malloc) failed to allocate 1451856 bytes for Chunk::new
# Possible reasons:
#   The system is out of physical RAM or swap space
#   In 32 bit mode, the process size limit was hit
# Possible solutions:
#   Reduce memory load on the system
#   Increase physical memory or swap space
#   Check if swap backing store is full
#   Use 64 bit Java on a 64 bit OS
#   Decrease Java heap size (-Xmx/-Xms)
#   Decrease number of Java threads
#   Decrease Java thread stack sizes (-Xss)
#   Set larger code cache with -XX:ReservedCodeCacheSize=
# This output file may be truncated or incomplete.
#
#  Out of Memory Error (allocation.cpp:390), pid=11436, tid=0x000000000000160c
#
# JRE version: OpenJDK Runtime Environment (8.0_152-b01) (build 1.8.0_152-release-915-b01)
# Java VM: OpenJDK 64-Bit Server VM (25.152-b01 mixed mode windows-amd64 compressed oops)
# Failed to write core dump. Minidumps are not enabled by default on client versions of Windows
#

---------------  T H R E A D  ---------------

Current thread (0x0000000018c8a000):  JavaThread "C2 CompilerThread1" daemon [_thread_in_native, id=5644, stack(0x000000001a790000,0x000000001a890000)]

Stack: [0x000000001a790000,0x000000001a890000]
[error occurred during error reporting (printing stack bounds), id 0xc0000005]

Native frames: (J=compiled Java code, j=interpreted, Vv=VM code, C=native code)


Current CompileTask:
C2: 313206 24028       4       com.android.utils.XmlUtils::append (540 bytes)


---------------  P R O C E S S  ---------------

Java Threads: ( => current thread )
  0x0000000022355800 JavaThread "stdout" daemon [_thread_in_native, id=17980, stack(0x000000003b8d0000,0x000000003b9d0000)]
  0x0000000022354000 JavaThread "stderr" daemon [_thread_in_native, id=5840, stack(0x000000003b7d0000,0x000000003b8d0000)]
  0x0000000022353800 JavaThread "stdout" daemon [_thread_in_native, id=1676, stack(0x000000003b6d0000,0x000000003b7d0000)]
  0x0000000022356800 JavaThread "stderr" daemon [_thread_in_native, id=5868, stack(0x000000003b5d0000,0x000000003b6d0000)]
  0x0000000022352800 JavaThread "stdout" daemon [_thread_in_native, id=17708, stack(0x000000003b4d0000,0x000000003b5d0000)]
  0x0000000022358800 JavaThread "stderr" daemon [_thread_in_native, id=18052, stack(0x000000003b3d0000,0x000000003b4d0000)]
  0x000000002234a800 JavaThread "stdout" daemon [_thread_in_native, id=16644, stack(0x000000003b2d0000,0x000000003b3d0000)]
  0x000000002234e000 JavaThread "stderr" daemon [_thread_in_native, id=11648, stack(0x000000003b1d0000,0x000000003b2d0000)]
  0x000000002234c800 JavaThread "queued-resource-processor_20" daemon [_thread_blocked, id=6432, stack(0x000000003b0d0000,0x000000003b1d0000)]
  0x000000001d940800 JavaThread "queued-resource-processor_19" daemon [_thread_blocked, id=6684, stack(0x000000003afd0000,0x000000003b0d0000)]
  0x000000001d940000 JavaThread "queued-resource-processor_18" daemon [_thread_blocked, id=2044, stack(0x000000003aed0000,0x000000003afd0000)]
  0x000000001d93f000 JavaThread "queued-resource-processor_17" daemon [_thread_blocked, id=14452, stack(0x000000003add0000,0x000000003aed0000)]
  0x000000001d93e800 JavaThread "Worker Daemon Execution Thread 7" [_thread_blocked, id=16424, stack(0x000000003acd0000,0x000000003add0000)]
  0x000000001d93b000 JavaThread "Worker Daemon Execution Thread 6" [_thread_blocked, id=6068, stack(0x000000003abd0000,0x000000003acd0000)]
  0x000000001d933000 JavaThread "Worker Daemon Execution Thread 5" [_thread_blocked, id=15756, stack(0x000000003aad0000,0x000000003abd0000)]
  0x000000001d933800 JavaThread "Worker Daemon Execution Thread 4" [_thread_blocked, id=18120, stack(0x000000003a9d0000,0x000000003aad0000)]
  0x000000001d939800 JavaThread "Worker Daemon Execution Thread 3" [_thread_blocked, id=10612, stack(0x000000003a8d0000,0x000000003a9d0000)]
  0x000000001d932000 JavaThread "Worker Daemon Execution Thread 2" [_thread_blocked, id=8348, stack(0x000000003a7d0000,0x000000003a8d0000)]
  0x000000001d936800 JavaThread "Worker Daemon Execution" [_thread_blocked, id=12684, stack(0x000000003a6d0000,0x000000003a7d0000)]
  0x000000001d937800 JavaThread "Task worker for ':' Thread 3" [_thread_blocked, id=16248, stack(0x000000003a5d0000,0x000000003a6d0000)]
  0x000000001d931800 JavaThread "Task worker for ':' Thread 2" [_thread_blocked, id=16328, stack(0x000000003a4d0000,0x000000003a5d0000)]
  0x000000001d934800 JavaThread "Task worker for ':'" [_thread_blocked, id=10724, stack(0x000000003a3d0000,0x000000003a4d0000)]
  0x000000001b253000 JavaThread "Cache worker for Build Output Cleanup Cache (D:\MyProject\AndroidStudy\Componentization\ComponentizationSamples\.gradle\buildOutputCleanup)" [_thread_blocked, id=13108, stack(0x000000003a2d0000,0x000000003a3d0000)]
  0x000000001b252800 JavaThread "Cache worker for task history cache (D:\MyProject\AndroidStudy\Componentization\ComponentizationSamples\.gradle\4.4\taskHistory)" [_thread_blocked, id=9188, stack(0x000000003a1d0000,0x000000003a2d0000)]
  0x000000001b251800 JavaThread "build operations Thread 4" [_thread_blocked, id=2884, stack(0x000000003a0d0000,0x000000003a1d0000)]
  0x000000001b251000 JavaThread "build operations Thread 3" [_thread_blocked, id=15060, stack(0x0000000039fd0000,0x000000003a0d0000)]
  0x000000001b247000 JavaThread "build operations Thread 2" [_thread_blocked, id=14448, stack(0x0000000039ed0000,0x0000000039fd0000)]
  0x000000001b24e000 JavaThread "build operations" [_thread_blocked, id=10336, stack(0x0000000039dd0000,0x0000000039ed0000)]
  0x000000001b24d000 JavaThread "Cache worker for Artifact transforms cache (C:\Users\Administrator\.gradle\caches\transforms-1)" [_thread_blocked, id=17868, stack(0x0000000039cd0000,0x0000000039dd0000)]
  0x000000001b248800 JavaThread "Cache worker for file hash cache (D:\MyProject\AndroidStudy\Componentization\ComponentizationSamples\.gradle\4.4\fileHashes)" [_thread_blocked, id=17304, stack(0x0000000039bd0000,0x0000000039cd0000)]
  0x000000001b245800 JavaThread "Stdin handler" [_thread_blocked, id=4784, stack(0x0000000039ad0000,0x0000000039bd0000)]
  0x000000001b24c800 JavaThread "Asynchronous log dispatcher for DefaultDaemonConnection: socket connection from /127.0.0.1:64689 to /127.0.0.1:50110" [_thread_blocked, id=12084, stack(0x00000000399d0000,0x0000000039ad0000)]
  0x000000001b24b800 JavaThread "Cancel handler" [_thread_blocked, id=12444, stack(0x00000000398d0000,0x00000000399d0000)]
  0x000000001b249800 JavaThread "Handler for socket connection from /127.0.0.1:64689 to /127.0.0.1:50110" [_thread_in_native, id=12188, stack(0x00000000397d0000,0x00000000398d0000)]
  0x0000000022350800 JavaThread "Daemon worker Thread 2" [_thread_blocked, id=16952, stack(0x00000000340d0000,0x00000000341d0000)]
  0x0000000022351000 JavaThread "Daemon Thread 2" [_thread_blocked, id=14748, stack(0x0000000033dd0000,0x0000000033ed0000)]
  0x000000001d93c000 JavaThread "Java2D Disposer" daemon [_thread_blocked, id=15740, stack(0x00000000287d0000,0x00000000288d0000)]
  0x000000001b24a000 JavaThread "Memory manager" [_thread_blocked, id=8232, stack(0x0000000024710000,0x0000000024810000)]
  0x000000001c02b000 JavaThread "File lock request listener" [_thread_in_native, id=13860, stack(0x000000001e2d0000,0x000000001e3d0000)]
  0x000000001d270000 JavaThread "Cache worker for file hash cache (C:\Users\Administrator\.gradle\caches\4.4\fileHashes)" [_thread_blocked, id=18160, stack(0x000000001e1d0000,0x000000001e2d0000)]
  0x000000001bcb2000 JavaThread "Daemon periodic checks" [_thread_blocked, id=2664, stack(0x000000001c700000,0x000000001c800000)]
  0x000000001bc36800 JavaThread "Incoming local TCP Connector on port 64689" [_thread_in_native, id=6324, stack(0x000000001c560000,0x000000001c660000)]
  0x000000001a11f800 JavaThread "Service Thread" daemon [_thread_blocked, id=17004, stack(0x000000001a990000,0x000000001aa90000)]
  0x0000000018c8e000 JavaThread "C1 CompilerThread2" daemon [_thread_blocked, id=10540, stack(0x000000001a890000,0x000000001a990000)]
=>0x0000000018c8a000 JavaThread "C2 CompilerThread1" daemon [_thread_in_native, id=5644, stack(0x000000001a790000,0x000000001a890000)]
  0x0000000018c3b000 JavaThread "C2 CompilerThread0" daemon [_thread_in_native, id=18136, stack(0x000000001a690000,0x000000001a790000)]
  0x0000000018c89800 JavaThread "Attach Listener" daemon [_thread_blocked, id=16516, stack(0x000000001a590000,0x000000001a690000)]
  0x0000000018c27000 JavaThread "Signal Dispatcher" daemon [_thread_blocked, id=12064, stack(0x000000001a490000,0x000000001a590000)]
  0x00000000052ba000 JavaThread "Finalizer" daemon [_thread_blocked, id=17776, stack(0x0000000019e90000,0x0000000019f90000)]
  0x00000000052b1000 JavaThread "Reference Handler" daemon [_thread_blocked, id=15344, stack(0x0000000019d90000,0x0000000019e90000)]
  0x00000000051be000 JavaThread "main" [_thread_blocked, id=17420, stack(0x00000000050b0000,0x00000000051b0000)]

Other Threads:
  0x0000000018bf5800 VMThread [stack: 0x0000000019c90000,0x0000000019d90000] [id=15112]
  0x000000001a120800 WatcherThread [stack: 0x000000001aa90000,0x000000001ab90000] [id=17488]

VM state:not at safepoint (normal execution)

VM Mutex/Monitor currently owned by a thread: None

Heap:
 PSYoungGen      total 458752K, used 264223K [0x00000000e0000000, 0x00000000fff00000, 0x0000000100000000)
  eden space 452608K, 57% used [0x00000000e0000000,0x00000000efc67ea0,0x00000000fba00000)
  from space 6144K, 93% used [0x00000000fba00000,0x00000000fbfa0000,0x00000000fc000000)
  to   space 35328K, 0% used [0x00000000fdc80000,0x00000000fdc80000,0x00000000fff00000)
 ParOldGen       total 364032K, used 67306K [0x00000000a0000000, 0x00000000b6380000, 0x00000000e0000000)
  object space 364032K, 18% used [0x00000000a0000000,0x00000000a41baa78,0x00000000b6380000)
 Metaspace       used 94650K, capacity 100654K, committed 100756K, reserved 1136640K
  class space    used 11928K, capacity 13423K, committed 13460K, reserved 1048576K

Card table byte_map: [0x0000000014680000,0x0000000014990000] byte_map_base: 0x0000000014180000

Marking Bits: (ParMarkBitMap*) 0x000000006b7e3950
 Begin Bits: [0x0000000014f90000, 0x0000000016790000)
 End Bits:   [0x0000000016790000, 0x0000000017f90000)

Polling page: 0x00000000034b0000

CodeCache: size=245760Kb used=64377Kb max_used=64532Kb free=181382Kb
 bounds [0x00000000052c0000, 0x0000000009230000, 0x00000000142c0000]
 total_blobs=20127 nmethods=19138 adapters=899
 compilation: enabled

Compilation events (10 events):
Event: 312.998 Thread 0x0000000018c8e000 24026       3       com.android.ide.common.res2.NodeUtils::updateNamespace (161 bytes)
Event: 312.999 Thread 0x0000000018c8e000 nmethod 24026 0x00000000091f05d0 code [0x00000000091f0820, 0x00000000091f14f8]
Event: 313.000 Thread 0x0000000018c8a000 nmethod 24023 0x0000000005487950 code [0x0000000005487aa0, 0x0000000005487cf8]
Event: 313.001 Thread 0x0000000018c8a000 24028       4       com.android.utils.XmlUtils::append (540 bytes)
Event: 313.004 Thread 0x0000000018c3b000 nmethod 24022 0x00000000056f9b90 code [0x00000000056f9d40, 0x00000000056fa518]
Event: 313.005 Thread 0x0000000018c3b000 24030 %     4       sun.nio.cs.UTF_8$Encoder::encodeArrayLoop @ 73 (489 bytes)
Event: 313.007 Thread 0x0000000018c8e000 24031       3       sun.nio.cs.UTF_8$Encoder::overflow (11 bytes)
Event: 313.007 Thread 0x0000000018c8e000 nmethod 24031 0x00000000055cb8d0 code [0x00000000055cba80, 0x00000000055cbf98]
Event: 313.021 Thread 0x0000000018c3b000 nmethod 24030% 0x00000000091f3110 code [0x00000000091f32e0, 0x00000000091f4010]
Event: 313.022 Thread 0x0000000018c3b000 24029       4       com.android.utils.PositionXmlParser::getPositionHelper (757 bytes)

GC Heap History (10 events):
Event: 144.173 GC heap before
{Heap before GC invocations=25 (full 3):
 PSYoungGen      total 484864K, used 459434K [0x00000000e0000000, 0x00000000fff80000, 0x0000000100000000)
  eden space 449536K, 99% used [0x00000000e0000000,0x00000000fb671510,0x00000000fb700000)
  from space 35328K, 29% used [0x00000000fb700000,0x00000000fc1394b8,0x00000000fd980000)
  to   space 35328K, 0% used [0x00000000fdd00000,0x00000000fdd00000,0x00000000fff80000)
 ParOldGen       total 264704K, used 88108K [0x00000000a0000000, 0x00000000b0280000, 0x00000000e0000000)
  object space 264704K, 33% used [0x00000000a0000000,0x00000000a560b3c8,0x00000000b0280000)
 Metaspace       used 92299K, capacity 96656K, committed 96788K, reserved 1132544K
  class space    used 11729K, capacity 12722K, committed 12820K, reserved 1048576K
Event: 144.177 GC heap after
Heap after GC invocations=25 (full 3):
 PSYoungGen      total 487936K, used 5849K [0x00000000e0000000, 0x0000000100000000, 0x0000000100000000)
  eden space 452608K, 0% used [0x00000000e0000000,0x00000000e0000000,0x00000000fba00000)
  from space 35328K, 16% used [0x00000000fdd00000,0x00000000fe2b6798,0x00000000fff80000)
  to   space 35840K, 0% used [0x00000000fba00000,0x00000000fba00000,0x00000000fdd00000)
 ParOldGen       total 264704K, used 88140K [0x00000000a0000000, 0x00000000b0280000, 0x00000000e0000000)
  object space 264704K, 33% used [0x00000000a0000000,0x00000000a56133c8,0x00000000b0280000)
 Metaspace       used 92299K, capacity 96656K, committed 96788K, reserved 1132544K
  class space    used 11729K, capacity 12722K, committed 12820K, reserved 1048576K
}
Event: 242.029 GC heap before
{Heap before GC invocations=26 (full 3):
 PSYoungGen      total 487936K, used 458457K [0x00000000e0000000, 0x0000000100000000, 0x0000000100000000)
  eden space 452608K, 100% used [0x00000000e0000000,0x00000000fba00000,0x00000000fba00000)
  from space 35328K, 16% used [0x00000000fdd00000,0x00000000fe2b6798,0x00000000fff80000)
  to   space 35840K, 0% used [0x00000000fba00000,0x00000000fba00000,0x00000000fdd00000)
 ParOldGen       total 264704K, used 88140K [0x00000000a0000000, 0x00000000b0280000, 0x00000000e0000000)
  object space 264704K, 33% used [0x00000000a0000000,0x00000000a56133c8,0x00000000b0280000)
 Metaspace       used 93352K, capacity 98188K, committed 98324K, reserved 1134592K
  class space    used 11819K, capacity 12966K, committed 13076K, reserved 1048576K
Event: 242.050 GC heap after
Heap after GC invocations=26 (full 3):
 PSYoungGen      total 488448K, used 5879K [0x00000000e0000000, 0x0000000100000000, 0x0000000100000000)
  eden space 452608K, 0% used [0x00000000e0000000,0x00000000e0000000,0x00000000fba00000)
  from space 35840K, 16% used [0x00000000fba00000,0x00000000fbfbdc78,0x00000000fdd00000)
  to   space 35840K, 0% used [0x00000000fdd00000,0x00000000fdd00000,0x0000000100000000)
 ParOldGen       total 264704K, used 88148K [0x00000000a0000000, 0x00000000b0280000, 0x00000000e0000000)
  object space 264704K, 33% used [0x00000000a0000000,0x00000000a56153c8,0x00000000b0280000)
 Metaspace       used 93352K, capacity 98188K, committed 98324K, reserved 1134592K
  class space    used 11819K, capacity 12966K, committed 13076K, reserved 1048576K
}
Event: 242.215 GC heap before
{Heap before GC invocations=27 (full 3):
 PSYoungGen      total 488448K, used 13179K [0x00000000e0000000, 0x0000000100000000, 0x0000000100000000)
  eden space 452608K, 1% used [0x00000000e0000000,0x00000000e07211a8,0x00000000fba00000)
  from space 35840K, 16% used [0x00000000fba00000,0x00000000fbfbdc78,0x00000000fdd00000)
  to   space 35840K, 0% used [0x00000000fdd00000,0x00000000fdd00000,0x0000000100000000)
 ParOldGen       total 264704K, used 88148K [0x00000000a0000000, 0x00000000b0280000, 0x00000000e0000000)
  object space 264704K, 33% used [0x00000000a0000000,0x00000000a56153c8,0x00000000b0280000)
 Metaspace       used 93374K, capacity 98188K, committed 98324K, reserved 1134592K
  class space    used 11822K, capacity 12966K, committed 13076K, reserved 1048576K
Event: 242.223 GC heap after
Heap after GC invocations=27 (full 3):
 PSYoungGen      total 488448K, used 5745K [0x00000000e0000000, 0x0000000100000000, 0x0000000100000000)
  eden space 452608K, 0% used [0x00000000e0000000,0x00000000e0000000,0x00000000fba00000)
  from space 35840K, 16% used [0x00000000fdd00000,0x00000000fe29c550,0x0000000100000000)
  to   space 35840K, 0% used [0x00000000fba00000,0x00000000fba00000,0x00000000fdd00000)
 ParOldGen       total 264704K, used 88156K [0x00000000a0000000, 0x00000000b0280000, 0x00000000e0000000)
  object space 264704K, 33% used [0x00000000a0000000,0x00000000a56173c8,0x00000000b0280000)
 Metaspace       used 93374K, capacity 98188K, committed 98324K, reserved 1134592K
  class space    used 11822K, capacity 12966K, committed 13076K, reserved 1048576K
}
Event: 242.223 GC heap before
{Heap before GC invocations=28 (full 4):
 PSYoungGen      total 488448K, used 5745K [0x00000000e0000000, 0x0000000100000000, 0x0000000100000000)
  eden space 452608K, 0% used [0x00000000e0000000,0x00000000e0000000,0x00000000fba00000)
  from space 35840K, 16% used [0x00000000fdd00000,0x00000000fe29c550,0x0000000100000000)
  to   space 35840K, 0% used [0x00000000fba00000,0x00000000fba00000,0x00000000fdd00000)
 ParOldGen       total 264704K, used 88156K [0x00000000a0000000, 0x00000000b0280000, 0x00000000e0000000)
  object space 264704K, 33% used [0x00000000a0000000,0x00000000a56173c8,0x00000000b0280000)
 Metaspace       used 93374K, capacity 98188K, committed 98324K, reserved 1134592K
  class space    used 11822K, capacity 12966K, committed 13076K, reserved 1048576K
Event: 242.454 GC heap after
Heap after GC invocations=28 (full 4):
 PSYoungGen      total 488448K, used 0K [0x00000000e0000000, 0x0000000100000000, 0x0000000100000000)
  eden space 452608K, 0% used [0x00000000e0000000,0x00000000e0000000,0x00000000fba00000)
  from space 35840K, 0% used [0x00000000fdd00000,0x00000000fdd00000,0x0000000100000000)
  to   space 35840K, 0% used [0x00000000fba00000,0x00000000fba00000,0x00000000fdd00000)
 ParOldGen       total 364032K, used 67298K [0x00000000a0000000, 0x00000000b6380000, 0x00000000e0000000)
  object space 364032K, 18% used [0x00000000a0000000,0x00000000a41b8a78,0x00000000b6380000)
 Metaspace       used 92746K, capacity 97282K, committed 98324K, reserved 1134592K
  class space    used 11718K, capacity 12781K, committed 13076K, reserved 1048576K
}
Event: 307.410 GC heap before
{Heap before GC invocations=29 (full 4):
 PSYoungGen      total 488448K, used 452608K [0x00000000e0000000, 0x0000000100000000, 0x0000000100000000)
  eden space 452608K, 100% used [0x00000000e0000000,0x00000000fba00000,0x00000000fba00000)
  from space 35840K, 0% used [0x00000000fdd00000,0x00000000fdd00000,0x0000000100000000)
  to   space 35840K, 0% used [0x00000000fba00000,0x00000000fba00000,0x00000000fdd00000)
 ParOldGen       total 364032K, used 67298K [0x00000000a0000000, 0x00000000b6380000, 0x00000000e0000000)
  object space 364032K, 18% used [0x00000000a0000000,0x00000000a41b8a78,0x00000000b6380000)
 Metaspace       used 94106K, capacity 99802K, committed 100116K, reserved 1136640K
  class space    used 11877K, capacity 13249K, committed 13332K, reserved 1048576K
Event: 307.416 GC heap after
Heap after GC invocations=29 (full 4):
 PSYoungGen      total 458752K, used 5760K [0x00000000e0000000, 0x00000000fff00000, 0x0000000100000000)
  eden space 452608K, 0% used [0x00000000e0000000,0x00000000e0000000,0x00000000fba00000)
  from space 6144K, 93% used [0x00000000fba00000,0x00000000fbfa0000,0x00000000fc000000)
  to   space 35328K, 0% used [0x00000000fdc80000,0x00000000fdc80000,0x00000000fff00000)
 ParOldGen       total 364032K, used 67306K [0x00000000a0000000, 0x00000000b6380000, 0x00000000e0000000)
  object space 364032K, 18% used [0x00000000a0000000,0x00000000a41baa78,0x00000000b6380000)
 Metaspace       used 94106K, capacity 99802K, committed 100116K, reserved 1136640K
  class space    used 11877K, capacity 13249K, committed 13332K, reserved 1048576K
}

Deoptimization events (10 events):
Event: 311.776 Thread 0x000000001d937800 Uncommon trap: reason=bimorphic action=maybe_recompile pc=0x0000000006b22bfc method=com.sun.org.apache.xerces.internal.dom.NamedNodeMapImpl.findNamePoint(Ljava/lang/String;Ljava/lang/String;)I @ 52
Event: 311.776 Thread 0x000000001d937800 Uncommon trap: reason=bimorphic action=maybe_recompile pc=0x0000000006b22bfc method=com.sun.org.apache.xerces.internal.dom.NamedNodeMapImpl.findNamePoint(Ljava/lang/String;Ljava/lang/String;)I @ 52
Event: 311.794 Thread 0x000000001d937800 Uncommon trap: reason=bimorphic action=maybe_recompile pc=0x00000000070ebdb0 method=com.sun.org.apache.xerces.internal.dom.ElementImpl.getAttributes()Lorg/w3c/dom/NamedNodeMap; @ 8
Event: 311.794 Thread 0x000000001d937800 Uncommon trap: reason=bimorphic action=maybe_recompile pc=0x00000000070ebdb0 method=com.sun.org.apache.xerces.internal.dom.ElementImpl.getAttributes()Lorg/w3c/dom/NamedNodeMap; @ 8
Event: 311.794 Thread 0x000000001d937800 Uncommon trap: reason=bimorphic action=maybe_recompile pc=0x00000000070ebdb0 method=com.sun.org.apache.xerces.internal.dom.ElementImpl.getAttributes()Lorg/w3c/dom/NamedNodeMap; @ 8
Event: 311.794 Thread 0x000000001d937800 Uncommon trap: reason=bimorphic action=maybe_recompile pc=0x00000000070ebdb0 method=com.sun.org.apache.xerces.internal.dom.ElementImpl.getAttributes()Lorg/w3c/dom/NamedNodeMap; @ 8
Event: 312.452 Thread 0x000000001d937800 Uncommon trap: reason=null_check action=make_not_entrant pc=0x000000000917f158 method=com.sun.org.apache.xerces.internal.dom.NamedNodeMapImpl.findNamePoint(Ljava/lang/String;Ljava/lang/String;)I @ 76
Event: 312.452 Thread 0x000000001d937800 Uncommon trap: reason=null_check action=make_not_entrant pc=0x000000000915d398 method=com.sun.org.apache.xerces.internal.dom.NamedNodeMapImpl.findNamePoint(Ljava/lang/String;Ljava/lang/String;)I @ 76
Event: 312.640 Thread 0x000000001d937800 Uncommon trap: reason=unstable_if action=reinterpret pc=0x00000000091ab130 method=com.sun.org.apache.xerces.internal.dom.ElementNSImpl.setName(Ljava/lang/String;Ljava/lang/String;)V @ 14
Event: 312.998 Thread 0x000000001d937800 Uncommon trap: reason=unstable_if action=reinterpret pc=0x00000000071dcf1c method=com.android.ide.common.res2.NodeUtils.processSingleNodeNamespace(Lorg/w3c/dom/Node;Lorg/w3c/dom/Document;)Z @ 24

Classes redefined (0 events):
No events

Internal exceptions (10 events):
Event: 310.485 Thread 0x0000000022350800 Exception <a 'sun/nio/fs/WindowsException'> (0x00000000e81eff80) thrown at [D:\src\AOSP-openjdk-cygwin\jdk8u\hotspot\src\share\vm\prims\jni.cpp, line 709]
Event: 310.485 Thread 0x0000000022350800 Exception <a 'sun/nio/fs/WindowsException'> (0x00000000e81f0d00) thrown at [D:\src\AOSP-openjdk-cygwin\jdk8u\hotspot\src\share\vm\prims\jni.cpp, line 709]
Event: 310.485 Thread 0x0000000022350800 Exception <a 'sun/nio/fs/WindowsException'> (0x00000000e81f2e80) thrown at [D:\src\AOSP-openjdk-cygwin\jdk8u\hotspot\src\share\vm\prims\jni.cpp, line 709]
Event: 310.485 Thread 0x0000000022350800 Exception <a 'sun/nio/fs/WindowsException'> (0x00000000e81f3c40) thrown at [D:\src\AOSP-openjdk-cygwin\jdk8u\hotspot\src\share\vm\prims\jni.cpp, line 709]
Event: 311.510 Thread 0x000000001d937800 Exception <a 'sun/nio/fs/WindowsException'> (0x00000000e995eac0) thrown at [D:\src\AOSP-openjdk-cygwin\jdk8u\hotspot\src\share\vm\prims\jni.cpp, line 709]
Event: 311.510 Thread 0x000000001d937800 Exception <a 'sun/nio/fs/WindowsException'> (0x00000000e995f318) thrown at [D:\src\AOSP-openjdk-cygwin\jdk8u\hotspot\src\share\vm\prims\jni.cpp, line 709]
Event: 311.510 Thread 0x000000001d937800 Exception <a 'sun/nio/fs/WindowsException'> (0x00000000e9960358) thrown at [D:\src\AOSP-openjdk-cygwin\jdk8u\hotspot\src\share\vm\prims\jni.cpp, line 709]
Event: 311.510 Thread 0x000000001d937800 Exception <a 'sun/nio/fs/WindowsException'> (0x00000000e9960bb8) thrown at [D:\src\AOSP-openjdk-cygwin\jdk8u\hotspot\src\share\vm\prims\jni.cpp, line 709]
Event: 312.452 Thread 0x000000001d937800 Implicit null exception at 0x000000000917eaf4 to 0x000000000917f149
Event: 312.452 Thread 0x000000001d937800 Implicit null exception at 0x000000000915ce67 to 0x000000000915d369

Events (10 events):
Event: 313.022 Thread 0x000000002234a800 Thread added: 0x000000002234a800
Event: 313.022 Thread 0x0000000018c3b000 flushing nmethod 0x0000000006233050
Event: 313.033 Thread 0x0000000022358800 Thread added: 0x0000000022358800
Event: 313.033 Thread 0x0000000022352800 Thread added: 0x0000000022352800
Event: 313.058 Thread 0x0000000022356800 Thread added: 0x0000000022356800
Event: 313.058 Thread 0x0000000022353800 Thread added: 0x0000000022353800
Event: 313.077 Thread 0x0000000022354000 Thread added: 0x0000000022354000
Event: 313.077 Thread 0x0000000022355800 Thread added: 0x0000000022355800
Event: 313.165 Executing VM operation: RevokeBias
Event: 313.165 Executing VM operation: RevokeBias done


Dynamic libraries:
0x00007ff654d00000 - 0x00007ff654d31000 	D:\Android\Android Studio\jre\bin\java.exe
0x00007ffe18840000 - 0x00007ffe18a20000 	C:\WINDOWS\SYSTEM32\ntdll.dll
0x00007ffe176c0000 - 0x00007ffe1776e000 	C:\WINDOWS\System32\KERNEL32.DLL
0x00007ffe141a0000 - 0x00007ffe14406000 	C:\WINDOWS\System32\KERNELBASE.dll
0x00007ffe18690000 - 0x00007ffe18731000 	C:\WINDOWS\System32\ADVAPI32.dll
0x00007ffe17770000 - 0x00007ffe1780d000 	C:\WINDOWS\System32\msvcrt.dll
0x00007ffe17150000 - 0x00007ffe171ab000 	C:\WINDOWS\System32\sechost.dll
0x00007ffe15450000 - 0x00007ffe1556f000 	C:\WINDOWS\System32\RPCRT4.dll
0x00007ffe181d0000 - 0x00007ffe1835f000 	C:\WINDOWS\System32\USER32.dll
0x00007ffe15390000 - 0x00007ffe153b0000 	C:\WINDOWS\System32\win32u.dll
0x00007ffe15420000 - 0x00007ffe15448000 	C:\WINDOWS\System32\GDI32.dll
0x00007ffe14410000 - 0x00007ffe145a3000 	C:\WINDOWS\System32\gdi32full.dll
0x00007ffe14660000 - 0x00007ffe146fb000 	C:\WINDOWS\System32\msvcp_win.dll
0x00007ffe15210000 - 0x00007ffe15306000 	C:\WINDOWS\System32\ucrtbase.dll
0x00007ffdff720000 - 0x00007ffdff989000 	C:\WINDOWS\WinSxS\amd64_microsoft.windows.common-controls_6595b64144ccf1df_6.0.16299.125_none_15cbcf8893620c09\COMCTL32.dll
0x00007ffe18380000 - 0x00007ffe18688000 	C:\WINDOWS\System32\combase.dll
0x00007ffe15310000 - 0x00007ffe15382000 	C:\WINDOWS\System32\bcryptPrimitives.dll
0x00007ffe17cc0000 - 0x00007ffe17ced000 	C:\WINDOWS\System32\IMM32.DLL
0x000000006ae60000 - 0x000000006af32000 	D:\Android\Android Studio\jre\jre\bin\msvcr100.dll
0x000000006b020000 - 0x000000006b85e000 	D:\Android\Android Studio\jre\jre\bin\server\jvm.dll
0x00007ffe14f10000 - 0x00007ffe14f33000 	C:\WINDOWS\System32\WINMM.dll
0x00007ffe14130000 - 0x00007ffe1415a000 	C:\WINDOWS\System32\WINMMBASE.dll
0x00007ffe14610000 - 0x00007ffe1465a000 	C:\WINDOWS\System32\cfgmgr32.dll
0x00007ffe15bf0000 - 0x00007ffe15bf8000 	C:\WINDOWS\System32\PSAPI.DLL
0x00007ffe09f90000 - 0x00007ffe09f99000 	C:\WINDOWS\SYSTEM32\WSOCK32.dll
0x00007ffe187a0000 - 0x00007ffe1880c000 	C:\WINDOWS\System32\WS2_32.dll
0x00007ffe12eb0000 - 0x00007ffe12eba000 	C:\WINDOWS\SYSTEM32\VERSION.dll
0x00007ffe00640000 - 0x00007ffe0064f000 	D:\Android\Android Studio\jre\jre\bin\verify.dll
0x00007ffe00580000 - 0x00007ffe005a9000 	D:\Android\Android Studio\jre\jre\bin\java.dll
0x00007ffe004e0000 - 0x00007ffe004f6000 	D:\Android\Android Studio\jre\jre\bin\zip.dll
0x00007ffe15d10000 - 0x00007ffe17146000 	C:\WINDOWS\System32\SHELL32.dll
0x00007ffe171b0000 - 0x00007ffe17256000 	C:\WINDOWS\System32\shcore.dll
0x00007ffe147c0000 - 0x00007ffe14f07000 	C:\WINDOWS\System32\windows.storage.dll
0x00007ffe18740000 - 0x00007ffe18791000 	C:\WINDOWS\System32\shlwapi.dll
0x00007ffe14180000 - 0x00007ffe14191000 	C:\WINDOWS\System32\kernel.appcore.dll
0x00007ffe151c0000 - 0x00007ffe1520c000 	C:\WINDOWS\System32\powrprof.dll
0x00007ffe14110000 - 0x00007ffe1412b000 	C:\WINDOWS\System32\profapi.dll
0x00007ffe004c0000 - 0x00007ffe004da000 	D:\Android\Android Studio\jre\jre\bin\net.dll
0x00007ffe13940000 - 0x00007ffe139a6000 	C:\WINDOWS\system32\mswsock.dll
0x00007ffe004a0000 - 0x00007ffe004b1000 	D:\Android\Android Studio\jre\jre\bin\nio.dll
0x00007ffe0dd50000 - 0x00007ffe0dd6e000 	C:\Users\Administrator\.gradle\native\25\windows-amd64\native-platform.dll
0x00007ffe00630000 - 0x00007ffe0063d000 	D:\Android\Android Studio\jre\jre\bin\management.dll
0x00007ffe13b10000 - 0x00007ffe13b27000 	C:\WINDOWS\SYSTEM32\CRYPTSP.dll
0x00007ffe13550000 - 0x00007ffe13583000 	C:\WINDOWS\system32\rsaenh.dll
0x00007ffe13c10000 - 0x00007ffe13c35000 	C:\WINDOWS\SYSTEM32\bcrypt.dll
0x00007ffe14010000 - 0x00007ffe14039000 	C:\WINDOWS\SYSTEM32\USERENV.dll
0x00007ffe13b00000 - 0x00007ffe13b0b000 	C:\WINDOWS\SYSTEM32\CRYPTBASE.dll
0x00007ffe136d0000 - 0x00007ffe13709000 	C:\WINDOWS\SYSTEM32\IPHLPAPI.DLL
0x00007ffe176b0000 - 0x00007ffe176b8000 	C:\WINDOWS\System32\NSI.dll
0x00007ffe0f3c0000 - 0x00007ffe0f3d6000 	C:\WINDOWS\SYSTEM32\dhcpcsvc6.DLL
0x00007ffe0f780000 - 0x00007ffe0f79a000 	C:\WINDOWS\SYSTEM32\dhcpcsvc.DLL
0x00007ffdeb4e0000 - 0x00007ffdeb504000 	D:\Android\Android Studio\jre\jre\bin\sunec.dll
0x00007ffe13710000 - 0x00007ffe137c6000 	C:\WINDOWS\SYSTEM32\DNSAPI.dll
0x00007ffe0ccf0000 - 0x00007ffe0ccfa000 	C:\Windows\System32\rasadhlp.dll
0x00007ffe0d760000 - 0x00007ffe0d7d0000 	C:\WINDOWS\System32\fwpuclnt.dll
0x00007ffdf49c0000 - 0x00007ffdf49cb000 	D:\Android\Android Studio\jre\jre\bin\sunmscapi.dll
0x00007ffe14ff0000 - 0x00007ffe151be000 	C:\WINDOWS\System32\CRYPT32.dll
0x00007ffe14160000 - 0x00007ffe14172000 	C:\WINDOWS\System32\MSASN1.dll
0x00007ffde7b40000 - 0x00007ffde7cd5000 	D:\Android\Android Studio\jre\jre\bin\awt.dll
0x00007ffe17900000 - 0x00007ffe179c5000 	C:\WINDOWS\System32\OLEAUT32.dll
0x00007ffe113c0000 - 0x00007ffe11978000 	C:\WINDOWS\SYSTEM32\d2d1.dll
0x00007ffe124e0000 - 0x00007ffe12568000 	C:\WINDOWS\SYSTEM32\apphelp.dll
0x00007ffe128d0000 - 0x00007ffe128fa000 	C:\WINDOWS\system32\DWMAPI.DLL
0x00007ffe126a0000 - 0x00007ffe12735000 	C:\WINDOWS\system32\uxtheme.dll

VM Arguments:
jvm_args: -Xmx1536m -Dfile.encoding=GBK -Duser.country=CN -Duser.language=zh -Duser.variant 
java_command: org.gradle.launcher.daemon.bootstrap.GradleDaemon 4.4
java_class_path (initial): C:\Users\Administrator\.gradle\wrapper\dists\gradle-4.4-all\9br9xq1tocpiv8o6njlyu5op1\gradle-4.4\lib\gradle-launcher-4.4.jar
Launcher Type: SUN_STANDARD

Environment Variables:
JAVA_HOME=C:\Program Files\Java\jdk1.8.0_101
CLASSPATH= .;C:\Program Files\Java\jdk1.8.0_101\bin;C:\Program Files\Java\jdk1.8.0_101\lib\tools.jar;C:\Program Files\Java\jdk1.8.0_101\jre\bin;
PATH=C:\ProgramData\Oracle\Java\javapath;C:\WINDOWS\system32;C:\WINDOWS\System32\Wbem;C:\Program Files\Java\jdk1.8.0_101\bin;D:\eclipse-jee-neon-2-win32-x86_64\eclipse;C:\Program Files\Java\jre-9.0.4\bin;C:\Program Files\Java\jdk1.8.0_101\bin;C:\Program Files\Java\jdk1.8.0_101\jre\bin;%GRADLE_HOME%\bin;C:\WINDOWS\system32;C:\WINDOWS;C:\WINDOWS\System32\Wbem;C:\WINDOWS\System32\WindowsPowerShell\v1.0\;D:\Program Files\Git\cmd;D:\Android\Sdk\platform-tools;C:\Program Files\TortoiseSVN\bin;C:\Users\Administrator\AppData\Local\Microsoft\WindowsApps;
USERNAME=Administrator
OS=Windows_NT
PROCESSOR_IDENTIFIER=Intel64 Family 6 Model 94 Stepping 3, GenuineIntel



---------------  S Y S T E M  ---------------

OS: Windows 10.0 , 64 bit Build 16299 (10.0.16299.15)

CPU:total 4 (initial active 4) (4 cores per cpu, 1 threads per core) family 6 model 94 stepping 3, cmov, cx8, fxsr, mmx, sse, sse2, sse3, ssse3, sse4.1, sse4.2, popcnt, avx, avx2, aes, clmul, erms, rtm, 3dnowpref, lzcnt, tsc, tscinvbit, bmi1, bmi2, adx

Memory: 4k page, physical 16655116k(2498400k free), swap 16655116k(3236k free)

vm_info: OpenJDK 64-Bit Server VM (25.152-b01) for windows-amd64 JRE (1.8.0_152-release-915-b01), built by "builder" with MS VC++ 10.0 (VS2010)

time: Wed Sep 26 09:47:28 2018
elapsed time: 313 seconds (0d 0h 5m 13s)

